<?xml version="1.0" encoding="UTF-8"?>
<testsuite name="testexo1.TestUmlMagicien" tests="14" skipped="0" failures="0" errors="0" timestamp="2026-03-24T12:45:37" hostname="u-inf-j-c003-02" time="0.272">
  <properties/>
  <testcase name="test5 - 'Magicien' has an attribute 'carac_magie'()" classname="testexo1.TestUmlMagicien" time="0.249"/>
  <testcase name="test7 - 'Magicien' has an attribute 'grimoire'()" classname="testexo1.TestUmlMagicien" time="0.001"/>
  <testcase name="test4 - 'Magicien' has attribute(s)()" classname="testexo1.TestUmlMagicien" time="0.0"/>
  <testcase name="test1 - class Magicien is open or not()" classname="testexo1.TestUmlMagicien" time="0.001"/>
  <testcase name="test0 - class Magicien is abstract or not()" classname="testexo1.TestUmlMagicien" time="0.001"/>
  <testcase name="test11 - 'Magicien' has a method 'lance'()" classname="testexo1.TestUmlMagicien" time="0.003"/>
  <testcase name="test3 - 'Magicien' has a constructor()" classname="testexo1.TestUmlMagicien" time="0.004"/>
  <testcase name="test6 - 'Magicien' has an attribute 'nbSortsConnus'()" classname="testexo1.TestUmlMagicien" time="0.001"/>
  <testcase name="test9 - 'Magicien' has a method 'listeCaracteristiques'()" classname="testexo1.TestUmlMagicien" time="0.001"/>
  <testcase name="test10 - 'Magicien' has a method 'apprend'()" classname="testexo1.TestUmlMagicien" time="0.0"/>
  <testcase name="test2 - 'Magicien' extends other classe(s)()" classname="testexo1.TestUmlMagicien" time="0.002"/>
  <testcase name="test12 - 'Magicien' has a method 'listeDesSorts'()" classname="testexo1.TestUmlMagicien" time="0.001"/>
  <testcase name="test8 - 'Magicien' has method(s)()" classname="testexo1.TestUmlMagicien" time="0.001"/>
  <testcase name="test10 - 'Magicien' has a method 'leGrimoireContient'()" classname="testexo1.TestUmlMagicien" time="0.001"/>
  <system-out><![CDATA[]]></system-out>
  <system-err><![CDATA[]]></system-err>
</testsuite>
