<?xml version="1.0" encoding="UTF-8"?>
<testsuite name="nbJoueurManche" tests="2" skipped="0" failures="0" errors="0" timestamp="2026-06-24T21:10:12" hostname="u-inf-j-c003-12" time="0.003">
  <properties/>
  <testcase name="Si aucun joueur la manche arrete()" classname="nbJoueurManche" time="0.0"/>
  <testcase name="Si joueur restant superieur a 0 alors on continue()" classname="nbJoueurManche" time="0.002"/>
  <system-out><![CDATA[]]></system-out>
  <system-err><![CDATA[]]></system-err>
</testsuite>
