<?xml version="1.0" encoding="UTF-8"?>
<testsuite name="TestScoreMancheTransitions" tests="2" skipped="0" failures="0" errors="0" timestamp="2026-06-24T21:10:12" hostname="u-inf-j-c003-12" time="0.005">
  <properties/>
  <testcase name="aucun joueur n atteint scoreFinPartie transite vers NOUVELLE_MANCHE()" classname="TestScoreMancheTransitions" time="0.002"/>
  <testcase name="au moins un joueur atteint scoreFinPartie transite vers PARTIE_TERMINEE()" classname="TestScoreMancheTransitions" time="0.002"/>
  <system-out><![CDATA[]]></system-out>
  <system-err><![CDATA[]]></system-err>
</testsuite>
