<?xml version="1.0" encoding="UTF-8"?>
<testsuite name="TestSomme" tests="4" skipped="0" failures="3" errors="0" timestamp="2026-01-28T16:49:26" hostname="ubuntu" time="0.005">
  <properties/>
  <testcase name="somme10()" classname="TestSomme" time="0.003">
    <failure message="org.opentest4j.AssertionFailedError: expected: &lt;10&gt; but was: &lt;6&gt;" type="org.opentest4j.AssertionFailedError">org.opentest4j.AssertionFailedError: expected: &lt;10&gt; but was: &lt;6&gt;
	at app//org.junit.jupiter.api.AssertionFailureBuilder.build(AssertionFailureBuilder.java:151)
	at app//org.junit.jupiter.api.AssertionFailureBuilder.buildAndThrow(AssertionFailureBuilder.java:132)
	at app//org.junit.jupiter.api.AssertEquals.failNotEqual(AssertEquals.java:197)
	at app//org.junit.jupiter.api.AssertEquals.assertEquals(AssertEquals.java:150)
	at app//org.junit.jupiter.api.AssertEquals.assertEquals(AssertEquals.java:145)
	at app//org.junit.jupiter.api.Assertions.assertEquals(Assertions.java:531)
	at app//TestSomme.somme10(TestSomme.kt:23)
	at java.base@11.0.29/java.lang.reflect.Method.invoke(Method.java:566)
	at java.base@11.0.29/java.util.ArrayList.forEach(ArrayList.java:1541)
	at java.base@11.0.29/java.util.ArrayList.forEach(ArrayList.java:1541)
</failure>
  </testcase>
  <testcase name="somme42()" classname="TestSomme" time="0.0">
    <failure message="org.opentest4j.AssertionFailedError: expected: &lt;42&gt; but was: &lt;55&gt;" type="org.opentest4j.AssertionFailedError">org.opentest4j.AssertionFailedError: expected: &lt;42&gt; but was: &lt;55&gt;
	at app//org.junit.jupiter.api.AssertionFailureBuilder.build(AssertionFailureBuilder.java:151)
	at app//org.junit.jupiter.api.AssertionFailureBuilder.buildAndThrow(AssertionFailureBuilder.java:132)
	at app//org.junit.jupiter.api.AssertEquals.failNotEqual(AssertEquals.java:197)
	at app//org.junit.jupiter.api.AssertEquals.assertEquals(AssertEquals.java:150)
	at app//org.junit.jupiter.api.AssertEquals.assertEquals(AssertEquals.java:145)
	at app//org.junit.jupiter.api.Assertions.assertEquals(Assertions.java:531)
	at app//TestSomme.somme42(TestSomme.kt:29)
	at java.base@11.0.29/java.lang.reflect.Method.invoke(Method.java:566)
	at java.base@11.0.29/java.util.ArrayList.forEach(ArrayList.java:1541)
	at java.base@11.0.29/java.util.ArrayList.forEach(ArrayList.java:1541)
</failure>
  </testcase>
  <testcase name="somme0()" classname="TestSomme" time="0.0"/>
  <testcase name="somme1()" classname="TestSomme" time="0.001">
    <failure message="org.opentest4j.AssertionFailedError: expected: &lt;1&gt; but was: &lt;0&gt;" type="org.opentest4j.AssertionFailedError">org.opentest4j.AssertionFailedError: expected: &lt;1&gt; but was: &lt;0&gt;
	at app//org.junit.jupiter.api.AssertionFailureBuilder.build(AssertionFailureBuilder.java:151)
	at app//org.junit.jupiter.api.AssertionFailureBuilder.buildAndThrow(AssertionFailureBuilder.java:132)
	at app//org.junit.jupiter.api.AssertEquals.failNotEqual(AssertEquals.java:197)
	at app//org.junit.jupiter.api.AssertEquals.assertEquals(AssertEquals.java:150)
	at app//org.junit.jupiter.api.AssertEquals.assertEquals(AssertEquals.java:145)
	at app//org.junit.jupiter.api.Assertions.assertEquals(Assertions.java:531)
	at app//TestSomme.somme1(TestSomme.kt:17)
	at java.base@11.0.29/java.lang.reflect.Method.invoke(Method.java:566)
	at java.base@11.0.29/java.util.ArrayList.forEach(ArrayList.java:1541)
	at java.base@11.0.29/java.util.ArrayList.forEach(ArrayList.java:1541)
</failure>
  </testcase>
  <system-out><![CDATA[]]></system-out>
  <system-err><![CDATA[]]></system-err>
</testsuite>
