<?xml version="1.0" encoding="UTF-8"?>
<testsuite name="TestCarteStopEquals" tests="4" skipped="0" failures="0" errors="0" timestamp="2026-06-23T05:49:43.111Z" hostname="u-inf-j-c002-24" time="0.006">
  <properties/>
  <testcase name="[1] [Carte n°12], false" classname="TestCarteStopEquals" time="0.001"/>
  <testcase name="[2] [Carte Bonus +10], false" classname="TestCarteStopEquals" time="0.001"/>
  <testcase name="[3] [Carte Bonus x2], false" classname="TestCarteStopEquals" time="0.001"/>
  <testcase name="[4] [Carte Stop], true" classname="TestCarteStopEquals" time="0.001"/>
  <system-out><![CDATA[]]></system-out>
  <system-err><![CDATA[]]></system-err>
</testsuite>
