<?xml version="1.0" encoding="UTF-8"?>
<testsuite name="TestCarte3aLaSuiteEquals" tests="4" skipped="0" failures="0" errors="0" timestamp="2026-06-23T05:49:42.869Z" hostname="u-inf-j-c002-24" time="0.009">
  <properties/>
  <testcase name="[1] [Carte n°12], false" classname="TestCarte3aLaSuiteEquals" time="0.002"/>
  <testcase name="[2] [Carte Bonus +10], false" classname="TestCarte3aLaSuiteEquals" time="0.001"/>
  <testcase name="[3] [Carte Bonus x2], false" classname="TestCarte3aLaSuiteEquals" time="0.001"/>
  <testcase name="[4] [Carte 3 à la suite], true" classname="TestCarte3aLaSuiteEquals" time="0.001"/>
  <system-out><![CDATA[]]></system-out>
  <system-err><![CDATA[]]></system-err>
</testsuite>
