<?xml version="1.0" encoding="UTF-8"?>
<testsuite name="TestOutilCarteCalculScore" tests="5" skipped="0" failures="0" errors="0" timestamp="2026-06-23T05:49:43.448Z" hostname="u-inf-j-c002-24" time="0.016">
  <properties/>
  <testcase name="[1] [], 0" classname="TestOutilCarteCalculScore" time="0.003"/>
  <testcase name="[2] [[Carte n°8]], 8" classname="TestOutilCarteCalculScore" time="0.001"/>
  <testcase name="[3] [[Carte n°6], [Carte Bonus +2]], 8" classname="TestOutilCarteCalculScore" time="0.001"/>
  <testcase name="[4] [[Carte n°4], [Carte Bonus x2]], 8" classname="TestOutilCarteCalculScore" time="0.003"/>
  <testcase name="[5] [[Carte n°1], [Carte n°2], [Carte n°3], [Carte n°4], [Carte n°5], [Carte n°6], [Carte n°7]], 43" classname="TestOutilCarteCalculScore" time="0.002"/>
  <system-out><![CDATA[]]></system-out>
  <system-err><![CDATA[]]></system-err>
</testsuite>
