<?xml version="1.0" encoding="UTF-8"?>
<testsuite name="TestOutilsCarteVerifieMainCorrecte" tests="8" skipped="0" failures="0" errors="0" timestamp="2026-06-23T05:49:43.510Z" hostname="u-inf-j-c002-24" time="0.016">
  <properties/>
  <testcase name="verifieMainCorrecte - vide()" classname="TestOutilsCarteVerifieMainCorrecte" time="0.002"/>
  <testcase name="verifieMainCorrecte - carte 4, 5 et 7()" classname="TestOutilsCarteVerifieMainCorrecte" time="0.001"/>
  <testcase name="verifieMainCorrecte - carte multiple()" classname="TestOutilsCarteVerifieMainCorrecte" time="0.001"/>
  <testcase name="verifieMainCorrecte - carte 4*2 et 5*2()" classname="TestOutilsCarteVerifieMainCorrecte" time="0.003"/>
  <testcase name="verifieMainCorrecte - carte bonus +2()" classname="TestOutilsCarteVerifieMainCorrecte" time="0.002"/>
  <testcase name="verifieMainCorrecte - carte 4()" classname="TestOutilsCarteVerifieMainCorrecte" time="0.002"/>
  <testcase name="verifieMainCorrecte - carte 4, bonus +4, bonus *()" classname="TestOutilsCarteVerifieMainCorrecte" time="0.002"/>
  <testcase name="verifieMainCorrecte - carte 4*2()" classname="TestOutilsCarteVerifieMainCorrecte" time="0.001"/>
  <system-out><![CDATA[]]></system-out>
  <system-err><![CDATA[]]></system-err>
</testsuite>
