<?xml version="1.0" encoding="UTF-8"?>
<testsuite name="TestCarteNumEquals" tests="5" skipped="0" failures="0" errors="0" timestamp="2026-06-23T05:49:43.036Z" hostname="u-inf-j-c002-24" time="0.012">
  <properties/>
  <testcase name="[1] [Carte n°12], false" classname="TestCarteNumEquals" time="0.001"/>
  <testcase name="[2] [Carte Bonus +10], false" classname="TestCarteNumEquals" time="0.001"/>
  <testcase name="[3] [Carte n°6], true" classname="TestCarteNumEquals" time="0.001"/>
  <testcase name="[4] [Carte Bonus x2], false" classname="TestCarteNumEquals" time="0.001"/>
  <testcase name="[5] [Carte 3 à la suite], false" classname="TestCarteNumEquals" time="0.001"/>
  <system-out><![CDATA[]]></system-out>
  <system-err><![CDATA[]]></system-err>
</testsuite>
