<?xml version="1.0" encoding="UTF-8"?>
<testsuite name="TestCarteBonusMultiplieEquals" tests="5" skipped="0" failures="0" errors="0" timestamp="2026-06-23T05:49:42.908Z" hostname="u-inf-j-c002-24" time="0.01">
  <properties/>
  <testcase name="[1] [Carte n°12], false" classname="TestCarteBonusMultiplieEquals" time="0.001"/>
  <testcase name="[2] [Carte Bonus +10], false" classname="TestCarteBonusMultiplieEquals" time="0.001"/>
  <testcase name="[3] [Carte n°6], false" classname="TestCarteBonusMultiplieEquals" time="0.001"/>
  <testcase name="[4] [Carte Bonus x2], true" classname="TestCarteBonusMultiplieEquals" time="0.001"/>
  <testcase name="[5] [Carte 3 à la suite], false" classname="TestCarteBonusMultiplieEquals" time="0.0"/>
  <system-out><![CDATA[]]></system-out>
  <system-err><![CDATA[]]></system-err>
</testsuite>
